
RAxML-NG v. 0.9.0 released on 20.05.2019 by The Exelixis Lab.
Developed by: Alexey M. Kozlov and Alexandros Stamatakis.
Contributors: Diego Darriba, Tomas Flouri, Benoit Morel, Sarah Lutteropp, Ben Bettisworth.
Latest version: https://github.com/amkozlov/raxml-ng
Questions/problems/suggestions? Please visit: https://groups.google.com/forum/#!forum/raxml

RAxML-NG was called at 19-Feb-2020 16:00:15 as follows:

raxml-ng --model GTR+G4+FO+IO --msa /pasteur/homes/azhukova/projects/hiv_atlas/data/aln/C/aln.nodrm.fa --msa-format FASTA --data-type DNA --seed 239 --threads 12 --force --tree pars{1}

Analysis options:
  run mode: ML tree search
  start tree(s): parsimony (1)
  random seed: 239
  tip-inner: OFF
  pattern compression: ON
  per-rate scalers: OFF
  site repeats: ON
  fast spr radius: AUTO
  spr subtree cutoff: 1.000000
  branch lengths: proportional (ML estimate, algorithm: NR-FAST)
  SIMD kernels: AVX2
  parallelization: PTHREADS (12 threads), thread pinning: OFF

WARNING: Running in FORCE mode: all safety checks are disabled!

[00:00:00] Reading alignment from file: /pasteur/homes/azhukova/projects/hiv_atlas/data/aln/C/aln.nodrm.fa
[00:00:00] Loaded alignment with 19144 taxa and 3102 sites

Alignment comprises 1 partitions and 1391 patterns

Partition 0: noname
Model: GTR+FO+I+G4m
Alignment sites / patterns: 3102 / 1391
Gaps: 65.39 %
Invariant sites: 5.93 %


NOTE: Binary MSA file created: /pasteur/homes/azhukova/projects/hiv_atlas/data/aln/C/aln.nodrm.fa.raxml.rba


NOTE: Per-rate scalers were automatically enabled to prevent numerical issues on taxa-rich alignments.
NOTE: You can use --force switch to skip this check and fall back to per-site scalers.

[00:00:02] Generating 1 parsimony starting tree(s) with 19144 taxa
[00:26:00] Data distribution: max. partitions/sites/weight per thread: 1 / 116 / 1856

Starting ML tree search with 1 distinct starting trees

[00:26:03 -2209793.933180] Initial branch length optimization
[00:26:38 -1812801.768485] Model parameter optimization (eps = 10.000000)
[00:42:20 -1653816.225085] AUTODETECT spr round 1 (radius: 5)

RAxML-NG v. 0.9.0 released on 20.05.2019 by The Exelixis Lab.
Developed by: Alexey M. Kozlov and Alexandros Stamatakis.
Contributors: Diego Darriba, Tomas Flouri, Benoit Morel, Sarah Lutteropp, Ben Bettisworth.
Latest version: https://github.com/amkozlov/raxml-ng
Questions/problems/suggestions? Please visit: https://groups.google.com/forum/#!forum/raxml

RAxML-NG was called at 19-Feb-2020 17:13:42 as follows:

raxml-ng --model GTR+G4+FO+IO --msa /pasteur/homes/azhukova/projects/hiv_atlas/data/aln/C/aln.nodrm.fa --msa-format FASTA --data-type DNA --seed 239 --threads 12 --force --tree pars{1}

Analysis options:
  run mode: ML tree search
  start tree(s): parsimony (1)
  random seed: 239
  tip-inner: OFF
  pattern compression: ON
  per-rate scalers: OFF
  site repeats: ON
  fast spr radius: AUTO
  spr subtree cutoff: 1.000000
  branch lengths: proportional (ML estimate, algorithm: NR-FAST)
  SIMD kernels: AVX2
  parallelization: PTHREADS (12 threads), thread pinning: OFF

WARNING: Running in FORCE mode: all safety checks are disabled!

WARNING: The model you specified on the command line (GTR+G4+FO+IO) will be ignored 
         since the binary MSA file already contains a model definition.
         If you want to change the model, please re-run RAxML-NG 
         with the original PHYLIP/FASTA alignment and --redo option.

[00:00:00] Loading binary alignment from file: /pasteur/homes/azhukova/projects/hiv_atlas/data/aln/C/aln.nodrm.fa.raxml.rba
[00:00:00] Alignment comprises 19144 taxa, 1 partitions and 1391 patterns

Partition 0: noname
Model: GTR+FO+I+G4m
Alignment sites / patterns: 3102 / 1391
Gaps: 65.39 %
Invariant sites: 5.93 %



NOTE: Per-rate scalers were automatically enabled to prevent numerical issues on taxa-rich alignments.
NOTE: You can use --force switch to skip this check and fall back to per-site scalers.

[00:00:00] NOTE: Resuming execution from checkpoint (logLH: -1653816.23, ML trees: 0, bootstraps: 0)
[00:00:00] Data distribution: max. partitions/sites/weight per thread: 1 / 116 / 1856

Starting ML tree search with 1 distinct starting trees

[00:00:03 -1653816.225085] AUTODETECT spr round 1 (radius: 5)
[01:49:25 -1641129.733130] AUTODETECT spr round 2 (radius: 10)
[04:18:08 -1636318.093730] AUTODETECT spr round 3 (radius: 15)
[06:44:22 -1632631.631430] AUTODETECT spr round 4 (radius: 20)
[09:40:21 -1629040.249295] AUTODETECT spr round 5 (radius: 25)
[13:22:19 -1625273.795736] SPR radius for FAST iterations: 25 (autodetect)
[13:22:19 -1625273.795736] Model parameter optimization (eps = 3.000000)
[13:31:18 -1624823.749857] FAST spr round 1 (radius: 25)
[17:48:17 -1614258.560831] FAST spr round 2 (radius: 25)
[21:46:08 -1608987.251032] FAST spr round 3 (radius: 25)
[25:28:22 -1606011.552276] FAST spr round 4 (radius: 25)
[28:49:10 -1604155.667901] FAST spr round 5 (radius: 25)
[32:01:33 -1602970.921307] FAST spr round 6 (radius: 25)
[34:53:19 -1602224.887745] FAST spr round 7 (radius: 25)
[37:30:51 -1601688.777008] FAST spr round 8 (radius: 25)
[40:17:10 -1601394.014792] FAST spr round 9 (radius: 25)
[42:57:26 -1601176.101768] FAST spr round 10 (radius: 25)
[45:34:01 -1601090.098623] FAST spr round 11 (radius: 25)
[48:48:31 -1601032.577173] FAST spr round 12 (radius: 25)
[51:54:52 -1600983.991194] FAST spr round 13 (radius: 25)
[55:03:58 -1600954.052723] FAST spr round 14 (radius: 25)
[58:05:45 -1600941.424648] FAST spr round 15 (radius: 25)
[61:08:16 -1600934.982439] FAST spr round 16 (radius: 25)
[64:11:21 -1600918.552431] FAST spr round 17 (radius: 25)
[67:05:45 -1600916.043119] FAST spr round 18 (radius: 25)
[70:14:02 -1600915.356512] FAST spr round 19 (radius: 25)
[73:07:27 -1600915.356459] Model parameter optimization (eps = 1.000000)
[73:12:45 -1600733.263371] SLOW spr round 1 (radius: 5)
[76:26:45 -1600106.259378] SLOW spr round 2 (radius: 5)
[79:23:08 -1599979.613962] SLOW spr round 3 (radius: 5)
[82:00:12 -1599959.518958] SLOW spr round 4 (radius: 5)
[84:40:16 -1599957.987634] SLOW spr round 5 (radius: 5)
[87:47:08 -1599957.987075] SLOW spr round 6 (radius: 10)
[91:00:28 -1599770.126900] SLOW spr round 7 (radius: 5)
[93:54:12 -1599677.392523] SLOW spr round 8 (radius: 5)
[96:51:49 -1599666.202398] SLOW spr round 9 (radius: 5)
[99:20:38 -1599666.186827] SLOW spr round 10 (radius: 10)
[102:29:57 -1599610.512252] SLOW spr round 11 (radius: 5)
[105:33:57 -1599586.386672] SLOW spr round 12 (radius: 5)
[108:29:44 -1599585.399315] SLOW spr round 13 (radius: 5)
[111:23:15 -1599585.397166] SLOW spr round 14 (radius: 10)
[114:21:34 -1599570.892059] SLOW spr round 15 (radius: 5)
[117:18:54 -1599568.866973] SLOW spr round 16 (radius: 5)
[119:55:20 -1599568.663942] SLOW spr round 17 (radius: 5)
[122:40:41 -1599568.663791] SLOW spr round 18 (radius: 10)
[125:43:39 -1599565.076593] SLOW spr round 19 (radius: 5)
[128:26:32 -1599565.076301] SLOW spr round 20 (radius: 10)
[131:19:45 -1599565.076285] SLOW spr round 21 (radius: 15)
[135:02:18 -1599471.342270] SLOW spr round 22 (radius: 5)
[137:36:08 -1599409.321212] SLOW spr round 23 (radius: 5)
[139:51:41 -1599396.891025] SLOW spr round 24 (radius: 5)
[142:11:26 -1599395.875201] SLOW spr round 25 (radius: 5)
[144:41:46 -1599395.199424] SLOW spr round 26 (radius: 5)
[147:25:10 -1599395.109346] SLOW spr round 27 (radius: 10)
[149:56:45 -1599359.255176] SLOW spr round 28 (radius: 5)
[153:05:41 -1599347.592951] SLOW spr round 29 (radius: 5)
[155:58:57 -1599346.184464] SLOW spr round 30 (radius: 5)
[158:45:02 -1599346.184447] SLOW spr round 31 (radius: 10)
[161:40:43 -1599346.147260] SLOW spr round 32 (radius: 15)
[165:30:59 -1599320.543067] SLOW spr round 33 (radius: 5)
[168:29:39 -1599311.350615] SLOW spr round 34 (radius: 5)
[171:34:26 -1599308.530233] SLOW spr round 35 (radius: 5)
[174:36:16 -1599307.871897] SLOW spr round 36 (radius: 5)
[177:26:49 -1599307.871626] SLOW spr round 37 (radius: 10)
[180:19:19 -1599303.480982] SLOW spr round 38 (radius: 5)
[183:08:40 -1599302.762156] SLOW spr round 39 (radius: 5)
[185:40:41 -1599302.762140] SLOW spr round 40 (radius: 10)
[188:25:08 -1599302.762125] SLOW spr round 41 (radius: 15)
[192:02:59 -1599299.066622] SLOW spr round 42 (radius: 5)
[194:45:46 -1599297.015204] SLOW spr round 43 (radius: 5)
[197:47:47 -1599297.015191] SLOW spr round 44 (radius: 10)
[200:33:50 -1599297.015179] SLOW spr round 45 (radius: 15)
[204:38:35 -1599295.748549] SLOW spr round 46 (radius: 5)
[207:34:26 -1599295.748421] SLOW spr round 47 (radius: 10)
[210:46:12 -1599288.514835] SLOW spr round 48 (radius: 5)
[213:59:31 -1599285.024244] SLOW spr round 49 (radius: 5)
[216:55:55 -1599284.483337] SLOW spr round 50 (radius: 5)
[219:27:03 -1599284.483322] SLOW spr round 51 (radius: 10)
[222:05:44 -1599284.483307] SLOW spr round 52 (radius: 15)
[225:50:24 -1599283.763167] SLOW spr round 53 (radius: 5)
[228:22:49 -1599283.760810] SLOW spr round 54 (radius: 10)
[231:19:50 -1599283.760789] SLOW spr round 55 (radius: 15)
[235:21:35 -1599283.111275] SLOW spr round 56 (radius: 5)
[238:27:20 -1599283.110977] SLOW spr round 57 (radius: 10)
[241:41:30 -1599283.110953] SLOW spr round 58 (radius: 15)
[246:04:32 -1599282.716126] SLOW spr round 59 (radius: 5)
[249:30:48 -1599282.613885] SLOW spr round 60 (radius: 5)
[252:51:38 -1599282.613648] SLOW spr round 61 (radius: 10)
[256:21:52 -1599282.613595] SLOW spr round 62 (radius: 15)
[260:07:48 -1599281.023209] SLOW spr round 63 (radius: 5)
[262:36:38 -1599281.023048] SLOW spr round 64 (radius: 10)
[265:10:17 -1599281.023008] SLOW spr round 65 (radius: 15)
[268:46:08 -1599276.666936] SLOW spr round 66 (radius: 5)
[271:34:11 -1599276.574684] SLOW spr round 67 (radius: 10)
[274:26:46 -1599271.609642] SLOW spr round 68 (radius: 5)
[276:52:39 -1599271.408802] SLOW spr round 69 (radius: 5)
[279:14:18 -1599271.407827] SLOW spr round 70 (radius: 10)
[282:03:37 -1599271.407821] SLOW spr round 71 (radius: 15)
[286:00:40 -1599270.354363] SLOW spr round 72 (radius: 5)
[288:46:15 -1599270.353076] SLOW spr round 73 (radius: 10)
[291:38:11 -1599270.353074] SLOW spr round 74 (radius: 15)
[295:23:19 -1599269.976187] SLOW spr round 75 (radius: 5)
[298:05:01 -1599269.030991] SLOW spr round 76 (radius: 5)
[300:38:55 -1599269.030979] SLOW spr round 77 (radius: 10)
[303:31:34 -1599267.166873] SLOW spr round 78 (radius: 5)
[306:12:50 -1599266.382167] SLOW spr round 79 (radius: 5)
[309:16:08 -1599266.381995] SLOW spr round 80 (radius: 10)
[312:14:15 -1599266.381993] SLOW spr round 81 (radius: 15)
[316:12:10 -1599265.726443] SLOW spr round 82 (radius: 5)
[318:36:45 -1599263.787891] SLOW spr round 83 (radius: 5)
[321:11:16 -1599263.787492] SLOW spr round 84 (radius: 10)
[324:05:40 -1599263.787489] SLOW spr round 85 (radius: 15)
[328:14:50 -1599263.473296] SLOW spr round 86 (radius: 5)
[330:48:22 -1599263.471596] SLOW spr round 87 (radius: 10)
[333:49:47 -1599263.471594] SLOW spr round 88 (radius: 15)
[337:59:06 -1599263.182128] SLOW spr round 89 (radius: 5)
[340:57:11 -1599263.179258] SLOW spr round 90 (radius: 10)
[344:01:39 -1599263.179257] SLOW spr round 91 (radius: 15)
[348:00:33 -1599262.889214] SLOW spr round 92 (radius: 5)
[350:08:01 -1599262.756861] SLOW spr round 93 (radius: 5)
[352:38:13 -1599262.756801] SLOW spr round 94 (radius: 10)
[355:17:46 -1599262.756800] SLOW spr round 95 (radius: 15)
[359:01:44 -1599261.994723] SLOW spr round 96 (radius: 5)
[361:43:29 -1599261.983156] SLOW spr round 97 (radius: 10)
[364:37:44 -1599261.983155] SLOW spr round 98 (radius: 15)
[368:14:34 -1599261.736480] SLOW spr round 99 (radius: 5)
[371:01:05 -1599259.875753] SLOW spr round 100 (radius: 5)
[373:56:10 -1599259.472859] SLOW spr round 101 (radius: 5)
[376:43:23 -1599259.472856] SLOW spr round 102 (radius: 10)
[379:20:17 -1599258.312540] SLOW spr round 103 (radius: 5)
[381:51:54 -1599258.312234] SLOW spr round 104 (radius: 10)
[384:31:42 -1599258.312233] SLOW spr round 105 (radius: 15)
[388:24:11 -1599258.235760] SLOW spr round 106 (radius: 20)
[395:11:57 -1599094.054695] SLOW spr round 107 (radius: 5)
[398:11:29 -1599038.425504] SLOW spr round 108 (radius: 5)
[400:54:20 -1599025.439049] SLOW spr round 109 (radius: 5)
[403:34:38 -1599025.438357] SLOW spr round 110 (radius: 10)
[406:23:30 -1598988.150564] SLOW spr round 111 (radius: 5)
[408:42:37 -1598974.320203] SLOW spr round 112 (radius: 5)
[410:56:44 -1598970.748809] SLOW spr round 113 (radius: 5)
[413:09:32 -1598966.153665] SLOW spr round 114 (radius: 5)
[415:31:59 -1598966.153458] SLOW spr round 115 (radius: 10)
[418:13:21 -1598959.317535] SLOW spr round 116 (radius: 5)
[420:59:46 -1598956.169424] SLOW spr round 117 (radius: 5)
[423:23:32 -1598956.169376] SLOW spr round 118 (radius: 10)
[425:56:48 -1598956.169372] SLOW spr round 119 (radius: 15)
[429:44:51 -1598935.684930] SLOW spr round 120 (radius: 5)
[432:18:03 -1598916.851480] SLOW spr round 121 (radius: 5)
[434:48:40 -1598914.813543] SLOW spr round 122 (radius: 5)
[437:00:38 -1598914.782784] SLOW spr round 123 (radius: 10)
[439:42:41 -1598905.140310] SLOW spr round 124 (radius: 5)
[442:14:05 -1598902.595058] SLOW spr round 125 (radius: 5)
[444:42:23 -1598902.153386] SLOW spr round 126 (radius: 5)
[447:32:12 -1598901.566954] SLOW spr round 127 (radius: 5)
[450:22:54 -1598901.566923] SLOW spr round 128 (radius: 10)
[453:11:56 -1598901.566921] SLOW spr round 129 (radius: 15)
[457:26:03 -1598888.476406] SLOW spr round 130 (radius: 5)
[459:50:16 -1598877.871759] SLOW spr round 131 (radius: 5)
[462:15:21 -1598876.421574] SLOW spr round 132 (radius: 5)
[464:47:22 -1598875.668951] SLOW spr round 133 (radius: 5)
[467:19:59 -1598875.668946] SLOW spr round 134 (radius: 10)
[470:08:24 -1598870.461613] SLOW spr round 135 (radius: 5)
[472:53:34 -1598867.767646] SLOW spr round 136 (radius: 5)
[475:36:48 -1598867.767641] SLOW spr round 137 (radius: 10)
[478:14:47 -1598867.767640] SLOW spr round 138 (radius: 15)
[482:27:49 -1598816.811572] SLOW spr round 139 (radius: 5)
[485:22:26 -1598803.908768] SLOW spr round 140 (radius: 5)
[488:11:21 -1598802.502861] SLOW spr round 141 (radius: 5)
[490:39:54 -1598802.499756] SLOW spr round 142 (radius: 10)
[493:30:10 -1598780.602543] SLOW spr round 143 (radius: 5)
[496:01:07 -1598773.912648] SLOW spr round 144 (radius: 5)
[498:35:58 -1598773.912535] SLOW spr round 145 (radius: 10)
[501:25:02 -1598770.420280] SLOW spr round 146 (radius: 5)
[504:04:10 -1598769.319092] SLOW spr round 147 (radius: 5)
[506:46:08 -1598769.319090] SLOW spr round 148 (radius: 10)
[509:27:44 -1598762.175257] SLOW spr round 149 (radius: 5)
[512:09:51 -1598761.028937] SLOW spr round 150 (radius: 5)
[515:34:38 -1598759.527586] SLOW spr round 151 (radius: 5)
[518:55:08 -1598759.527568] SLOW spr round 152 (radius: 10)
[522:21:12 -1598759.146085] SLOW spr round 153 (radius: 5)
[525:17:57 -1598759.146082] SLOW spr round 154 (radius: 10)
[528:01:35 -1598759.146081] SLOW spr round 155 (radius: 15)
[531:57:25 -1598737.368350] SLOW spr round 156 (radius: 5)
[534:35:18 -1598728.137443] SLOW spr round 157 (radius: 5)
[537:09:17 -1598728.135294] SLOW spr round 158 (radius: 10)
[539:50:08 -1598725.392125] SLOW spr round 159 (radius: 5)
[542:27:03 -1598725.170484] SLOW spr round 160 (radius: 5)
[545:02:51 -1598725.170483] SLOW spr round 161 (radius: 10)
[547:46:28 -1598725.170482] SLOW spr round 162 (radius: 15)
[551:39:39 -1598723.645290] SLOW spr round 163 (radius: 5)
[554:16:06 -1598715.651280] SLOW spr round 164 (radius: 5)
[556:53:43 -1598713.624763] SLOW spr round 165 (radius: 5)
[559:18:43 -1598713.624488] SLOW spr round 166 (radius: 10)
[561:54:55 -1598713.457837] SLOW spr round 167 (radius: 5)
[564:48:53 -1598713.328434] SLOW spr round 168 (radius: 5)
[567:40:29 -1598713.328277] SLOW spr round 169 (radius: 10)
[570:38:18 -1598713.328276] SLOW spr round 170 (radius: 15)
[574:33:01 -1598712.382306] SLOW spr round 171 (radius: 5)
[577:11:12 -1598712.382269] SLOW spr round 172 (radius: 10)
[579:48:18 -1598712.382268] SLOW spr round 173 (radius: 15)
[583:36:47 -1598709.099767] SLOW spr round 174 (radius: 5)
[586:03:02 -1598708.372854] SLOW spr round 175 (radius: 5)
[588:29:16 -1598708.372776] SLOW spr round 176 (radius: 10)
[591:46:06 -1598708.372775] SLOW spr round 177 (radius: 15)
[595:43:00 -1598708.249066] SLOW spr round 178 (radius: 5)
[598:18:59 -1598708.249065] SLOW spr round 179 (radius: 10)
[601:05:41 -1598708.249064] SLOW spr round 180 (radius: 15)
[604:49:59 -1598707.601629] SLOW spr round 181 (radius: 5)
[607:50:56 -1598707.601626] SLOW spr round 182 (radius: 10)
[610:56:35 -1598701.319356] SLOW spr round 183 (radius: 5)
[613:49:10 -1598698.826717] SLOW spr round 184 (radius: 5)
[616:54:57 -1598697.574104] SLOW spr round 185 (radius: 5)
[619:33:34 -1598697.573809] SLOW spr round 186 (radius: 10)
[622:16:46 -1598696.362667] SLOW spr round 187 (radius: 5)
[624:51:57 -1598694.925080] SLOW spr round 188 (radius: 5)
[627:32:02 -1598693.151541] SLOW spr round 189 (radius: 5)
[630:01:01 -1598693.151497] SLOW spr round 190 (radius: 10)
[632:41:53 -1598693.151496] SLOW spr round 191 (radius: 15)
[636:33:46 -1598682.199457] SLOW spr round 192 (radius: 5)
[639:13:13 -1598678.493569] SLOW spr round 193 (radius: 5)
[641:40:01 -1598678.493234] SLOW spr round 194 (radius: 10)
[644:24:25 -1598677.333196] SLOW spr round 195 (radius: 5)
[646:57:00 -1598677.332926] SLOW spr round 196 (radius: 10)
[649:42:48 -1598677.332926] SLOW spr round 197 (radius: 15)
[653:56:54 -1598673.965482] SLOW spr round 198 (radius: 5)
[656:56:04 -1598661.427250] SLOW spr round 199 (radius: 5)
[659:56:29 -1598658.870358] SLOW spr round 200 (radius: 5)
[662:57:58 -1598658.870356] SLOW spr round 201 (radius: 10)
[666:16:14 -1598658.870355] SLOW spr round 202 (radius: 15)
[670:36:49 -1598657.922468] SLOW spr round 203 (radius: 5)
[673:26:06 -1598656.551288] SLOW spr round 204 (radius: 5)
[676:02:35 -1598656.551287] SLOW spr round 205 (radius: 10)
[678:59:53 -1598656.551286] SLOW spr round 206 (radius: 15)
[683:36:31 -1598656.520997] SLOW spr round 207 (radius: 20)
[691:02:28 -1598587.493199] SLOW spr round 208 (radius: 5)
[693:39:31 -1598537.647670] SLOW spr round 209 (radius: 5)
[696:38:30 -1598533.778956] SLOW spr round 210 (radius: 5)
[699:31:27 -1598533.778898] SLOW spr round 211 (radius: 10)
[702:16:36 -1598518.601031] SLOW spr round 212 (radius: 5)
[704:47:14 -1598515.308783] SLOW spr round 213 (radius: 5)
[707:26:51 -1598513.856791] SLOW spr round 214 (radius: 5)
[709:55:59 -1598512.234601] SLOW spr round 215 (radius: 5)
[712:38:53 -1598512.234402] SLOW spr round 216 (radius: 10)
[715:12:04 -1598509.543686] SLOW spr round 217 (radius: 5)
[717:29:43 -1598507.860248] SLOW spr round 218 (radius: 5)
[719:58:27 -1598506.761047] SLOW spr round 219 (radius: 5)
[722:32:37 -1598506.760301] SLOW spr round 220 (radius: 10)
[725:14:25 -1598506.760299] SLOW spr round 221 (radius: 15)
[728:56:51 -1598499.957554] SLOW spr round 222 (radius: 5)
[731:21:18 -1598488.399984] SLOW spr round 223 (radius: 5)
[733:42:46 -1598487.265295] SLOW spr round 224 (radius: 5)
[736:03:05 -1598487.265260] SLOW spr round 225 (radius: 10)
[738:32:54 -1598482.711081] SLOW spr round 226 (radius: 5)
[740:53:08 -1598481.718108] SLOW spr round 227 (radius: 5)
[743:33:35 -1598480.425747] SLOW spr round 228 (radius: 5)
[746:14:25 -1598480.425522] SLOW spr round 229 (radius: 10)
[748:41:13 -1598480.425520] SLOW spr round 230 (radius: 15)
[752:25:23 -1598479.262330] SLOW spr round 231 (radius: 5)
[755:10:03 -1598479.147031] SLOW spr round 232 (radius: 5)
[757:44:49 -1598479.147030] SLOW spr round 233 (radius: 10)
[760:46:51 -1598479.147030] SLOW spr round 234 (radius: 15)
[764:52:37 -1598479.002088] SLOW spr round 235 (radius: 5)
[767:29:46 -1598479.002087] SLOW spr round 236 (radius: 10)
[770:07:11 -1598479.002086] SLOW spr round 237 (radius: 15)
[774:05:07 -1598478.964872] SLOW spr round 238 (radius: 20)
[780:57:51 -1598475.497605] SLOW spr round 239 (radius: 5)
[783:42:28 -1598475.497168] SLOW spr round 240 (radius: 10)
[786:45:48 -1598475.497168] SLOW spr round 241 (radius: 15)
[790:46:38 -1598470.785308] SLOW spr round 242 (radius: 5)
[793:20:00 -1598470.647823] SLOW spr round 243 (radius: 5)
[796:07:42 -1598470.647037] SLOW spr round 244 (radius: 10)
[799:05:18 -1598469.626658] SLOW spr round 245 (radius: 5)
[802:08:03 -1598468.864881] SLOW spr round 246 (radius: 5)
[805:09:06 -1598468.864880] SLOW spr round 247 (radius: 10)
[808:17:37 -1598468.864880] SLOW spr round 248 (radius: 15)
[812:40:56 -1598467.013634] SLOW spr round 249 (radius: 5)
[815:58:15 -1598461.571251] SLOW spr round 250 (radius: 5)
[819:24:42 -1598461.014594] SLOW spr round 251 (radius: 5)
[822:47:11 -1598461.014589] SLOW spr round 252 (radius: 10)
[825:47:09 -1598461.014588] SLOW spr round 253 (radius: 15)
[829:50:14 -1598461.014587] SLOW spr round 254 (radius: 20)
[837:09:24 -1598459.039386] SLOW spr round 255 (radius: 5)
[840:19:59 -1598459.039272] SLOW spr round 256 (radius: 10)
[843:55:48 -1598459.039271] SLOW spr round 257 (radius: 15)
[848:03:27 -1598459.039271] SLOW spr round 258 (radius: 20)
[855:11:47 -1598456.260769] SLOW spr round 259 (radius: 5)
[858:10:28 -1598455.557171] SLOW spr round 260 (radius: 5)
[860:51:56 -1598453.676685] SLOW spr round 261 (radius: 5)
[863:31:41 -1598452.641481] SLOW spr round 262 (radius: 5)
[866:17:03 -1598452.577188] SLOW spr round 263 (radius: 10)
[869:14:45 -1598443.696049] SLOW spr round 264 (radius: 5)
[872:02:53 -1598441.716775] SLOW spr round 265 (radius: 5)
[874:44:07 -1598441.716774] SLOW spr round 266 (radius: 10)
[877:32:55 -1598433.486503] SLOW spr round 267 (radius: 5)
[880:06:09 -1598433.485587] SLOW spr round 268 (radius: 10)
[882:51:23 -1598432.938784] SLOW spr round 269 (radius: 5)
[885:37:10 -1598432.938783] SLOW spr round 270 (radius: 10)
[888:31:18 -1598432.938783] SLOW spr round 271 (radius: 15)
[892:41:44 -1598432.938783] SLOW spr round 272 (radius: 20)
[899:48:27 -1598428.556325] SLOW spr round 273 (radius: 5)
[902:45:20 -1598426.608559] SLOW spr round 274 (radius: 5)
[905:55:13 -1598426.530717] SLOW spr round 275 (radius: 10)
[909:24:53 -1598426.530666] SLOW spr round 276 (radius: 15)
[913:46:14 -1598426.530665] SLOW spr round 277 (radius: 20)
[920:55:31 -1598424.075172] SLOW spr round 278 (radius: 5)
[923:54:39 -1598422.937781] SLOW spr round 279 (radius: 5)
[926:33:31 -1598422.937780] SLOW spr round 280 (radius: 10)
[929:00:12 -1598422.937780] SLOW spr round 281 (radius: 15)
[932:36:04 -1598422.937780] SLOW spr round 282 (radius: 20)
[938:56:45 -1598417.630230] SLOW spr round 283 (radius: 5)
[941:22:34 -1598417.569266] SLOW spr round 284 (radius: 10)
[943:47:05 -1598414.813891] SLOW spr round 285 (radius: 5)
[945:51:08 -1598414.812743] SLOW spr round 286 (radius: 10)
[948:12:06 -1598414.812735] SLOW spr round 287 (radius: 15)
[951:30:11 -1598412.563361] SLOW spr round 288 (radius: 5)
[953:40:11 -1598411.210106] SLOW spr round 289 (radius: 5)
[955:40:06 -1598411.210105] SLOW spr round 290 (radius: 10)
[957:55:48 -1598411.210105] SLOW spr round 291 (radius: 15)
[961:11:42 -1598410.906097] SLOW spr round 292 (radius: 5)
[963:22:38 -1598409.777793] SLOW spr round 293 (radius: 5)
[965:24:35 -1598409.777783] SLOW spr round 294 (radius: 10)
[967:46:53 -1598409.777783] SLOW spr round 295 (radius: 15)
[971:26:12 -1598409.777783] SLOW spr round 296 (radius: 20)
[978:14:47 -1598405.345983] SLOW spr round 297 (radius: 5)
[980:53:56 -1598404.582215] SLOW spr round 298 (radius: 5)
[983:25:21 -1598404.581718] SLOW spr round 299 (radius: 10)
[986:20:01 -1598402.378706] SLOW spr round 300 (radius: 5)
[989:31:40 -1598400.568500] SLOW spr round 301 (radius: 5)
[992:36:06 -1598400.568444] SLOW spr round 302 (radius: 10)
[996:01:00 -1598400.568444] SLOW spr round 303 (radius: 15)
[1000:03:41 -1598400.568444] SLOW spr round 304 (radius: 20)
[1006:56:33 -1598400.087106] SLOW spr round 305 (radius: 5)
[1009:37:11 -1598399.295641] SLOW spr round 306 (radius: 5)
[1012:25:40 -1598398.631284] SLOW spr round 307 (radius: 5)
[1015:09:14 -1598398.631174] SLOW spr round 308 (radius: 10)
[1018:11:01 -1598398.631174] SLOW spr round 309 (radius: 15)
[1022:01:01 -1598398.631174] SLOW spr round 310 (radius: 20)
[1028:48:51 -1598396.787452] SLOW spr round 311 (radius: 5)
[1031:47:22 -1598396.787445] SLOW spr round 312 (radius: 10)
[1035:09:24 -1598393.656827] SLOW spr round 313 (radius: 5)
[1038:30:29 -1598393.656785] SLOW spr round 314 (radius: 10)
[1041:59:10 -1598393.656785] SLOW spr round 315 (radius: 15)
[1046:03:38 -1598393.656785] SLOW spr round 316 (radius: 20)
[1052:47:37 -1598388.810664] SLOW spr round 317 (radius: 5)
[1055:39:54 -1598386.585394] SLOW spr round 318 (radius: 5)
[1058:31:02 -1598386.585329] SLOW spr round 319 (radius: 10)
[1061:41:08 -1598386.585327] SLOW spr round 320 (radius: 15)
[1066:02:20 -1598386.585327] SLOW spr round 321 (radius: 20)
[1073:13:52 -1598386.162264] SLOW spr round 322 (radius: 5)
[1076:01:08 -1598386.162109] SLOW spr round 323 (radius: 10)
[1078:50:38 -1598386.162109] SLOW spr round 324 (radius: 15)
[1082:40:51 -1598385.955870] SLOW spr round 325 (radius: 5)
[1085:33:30 -1598384.058885] SLOW spr round 326 (radius: 5)
[1088:32:41 -1598384.058874] SLOW spr round 327 (radius: 10)
[1091:30:28 -1598383.508952] SLOW spr round 328 (radius: 5)
[1094:21:18 -1598383.508947] SLOW spr round 329 (radius: 10)
[1097:24:40 -1598383.508947] SLOW spr round 330 (radius: 15)
[1101:19:27 -1598383.508947] SLOW spr round 331 (radius: 20)
[1108:18:01 -1598383.114336] SLOW spr round 332 (radius: 5)
[1111:07:09 -1598381.513655] SLOW spr round 333 (radius: 5)
[1114:03:48 -1598381.513598] SLOW spr round 334 (radius: 10)
[1117:07:42 -1598381.513598] SLOW spr round 335 (radius: 15)
[1121:24:41 -1598381.513598] SLOW spr round 336 (radius: 20)
[1128:43:50 -1598381.164799] SLOW spr round 337 (radius: 5)
[1131:37:28 -1598381.164753] SLOW spr round 338 (radius: 10)
[1134:55:34 -1598381.164753] SLOW spr round 339 (radius: 15)
[1139:05:45 -1598381.164753] SLOW spr round 340 (radius: 20)
[1146:10:19 -1598381.003468] SLOW spr round 341 (radius: 5)
[1149:11:08 -1598381.003179] SLOW spr round 342 (radius: 10)
[1152:20:02 -1598381.003177] SLOW spr round 343 (radius: 15)
[1156:28:01 -1598381.003177] SLOW spr round 344 (radius: 20)
[1163:13:54 -1598380.663750] SLOW spr round 345 (radius: 5)
[1166:06:57 -1598378.497636] SLOW spr round 346 (radius: 5)
[1169:09:41 -1598378.497636] SLOW spr round 347 (radius: 10)
[1172:17:24 -1598378.497636] SLOW spr round 348 (radius: 15)
[1176:30:27 -1598378.497636] SLOW spr round 349 (radius: 20)
[1183:36:53 -1598378.394726] SLOW spr round 350 (radius: 5)
[1186:39:15 -1598378.394723] SLOW spr round 351 (radius: 10)
[1189:53:24 -1598378.394723] SLOW spr round 352 (radius: 15)
[1194:12:31 -1598378.394723] SLOW spr round 353 (radius: 20)
[1201:09:59 -1598378.333086] SLOW spr round 354 (radius: 25)
[1213:13:56 -1598055.417690] SLOW spr round 355 (radius: 5)
[1216:09:05 -1597836.327059] SLOW spr round 356 (radius: 5)
[1218:45:02 -1597813.562286] SLOW spr round 357 (radius: 5)
[1221:29:59 -1597813.383943] SLOW spr round 358 (radius: 5)
[1223:55:25 -1597813.383919] SLOW spr round 359 (radius: 10)
[1226:30:09 -1597783.217566] SLOW spr round 360 (radius: 5)
[1228:59:05 -1597768.538581] SLOW spr round 361 (radius: 5)
[1231:21:44 -1597767.962862] SLOW spr round 362 (radius: 5)
[1233:39:33 -1597766.154156] SLOW spr round 363 (radius: 5)
[1235:58:04 -1597766.154133] SLOW spr round 364 (radius: 10)
[1238:20:54 -1597757.020406] SLOW spr round 365 (radius: 5)
[1240:40:31 -1597755.144658] SLOW spr round 366 (radius: 5)
[1243:00:46 -1597753.144847] SLOW spr round 367 (radius: 5)
[1245:20:39 -1597753.137889] SLOW spr round 368 (radius: 10)
[1248:00:14 -1597753.137885] SLOW spr round 369 (radius: 15)
[1252:18:49 -1597725.304733] SLOW spr round 370 (radius: 5)
[1255:14:44 -1597720.397110] SLOW spr round 371 (radius: 5)
[1258:14:22 -1597719.204399] SLOW spr round 372 (radius: 5)
[1261:12:06 -1597718.900340] SLOW spr round 373 (radius: 5)
[1264:02:57 -1597718.900113] SLOW spr round 374 (radius: 10)
[1267:01:01 -1597718.368259] SLOW spr round 375 (radius: 5)
[1269:50:56 -1597718.368245] SLOW spr round 376 (radius: 10)
[1272:51:56 -1597718.368245] SLOW spr round 377 (radius: 15)
[1276:37:14 -1597709.400075] SLOW spr round 378 (radius: 5)
[1279:39:55 -1597704.676188] SLOW spr round 379 (radius: 5)
[1282:55:19 -1597704.676095] SLOW spr round 380 (radius: 10)
[1286:10:19 -1597703.869575] SLOW spr round 381 (radius: 5)
[1289:13:32 -1597701.885663] SLOW spr round 382 (radius: 5)
[1292:18:18 -1597700.728606] SLOW spr round 383 (radius: 5)
[1295:27:30 -1597700.728599] SLOW spr round 384 (radius: 10)
[1298:49:01 -1597700.728598] SLOW spr round 385 (radius: 15)
[1303:04:14 -1597700.412115] SLOW spr round 386 (radius: 5)
[1305:51:45 -1597700.412107] SLOW spr round 387 (radius: 10)
[1308:52:09 -1597700.412107] SLOW spr round 388 (radius: 15)
[1312:54:12 -1597700.321967] SLOW spr round 389 (radius: 20)
[1319:31:09 -1597650.874715] SLOW spr round 390 (radius: 5)
[1322:09:57 -1597628.553103] SLOW spr round 391 (radius: 5)
[1324:38:03 -1597623.909830] SLOW spr round 392 (radius: 5)
[1326:55:29 -1597623.909820] SLOW spr round 393 (radius: 10)
[1329:29:47 -1597620.976321] SLOW spr round 394 (radius: 5)
[1331:50:48 -1597620.067106] SLOW spr round 395 (radius: 5)
[1334:28:26 -1597620.066688] SLOW spr round 396 (radius: 10)
[1337:15:10 -1597618.499771] SLOW spr round 397 (radius: 5)
[1340:07:05 -1597618.249417] SLOW spr round 398 (radius: 5)
[1342:53:38 -1597618.249411] SLOW spr round 399 (radius: 10)
[1345:50:47 -1597618.249411] SLOW spr round 400 (radius: 15)
[1349:52:06 -1597614.589630] SLOW spr round 401 (radius: 5)
[1352:32:16 -1597610.480271] SLOW spr round 402 (radius: 5)
[1355:23:26 -1597610.480241] SLOW spr round 403 (radius: 10)
[1358:27:01 -1597610.480241] SLOW spr round 404 (radius: 15)
[1362:23:41 -1597610.238062] SLOW spr round 405 (radius: 5)
[1365:11:23 -1597610.238062] SLOW spr round 406 (radius: 10)
[1368:17:37 -1597610.238062] SLOW spr round 407 (radius: 15)
[1372:35:09 -1597610.238062] SLOW spr round 408 (radius: 20)
[1379:25:19 -1597605.791941] SLOW spr round 409 (radius: 5)
[1382:17:53 -1597603.640285] SLOW spr round 410 (radius: 5)
[1384:50:38 -1597603.639941] SLOW spr round 411 (radius: 10)
[1387:43:51 -1597602.861392] SLOW spr round 412 (radius: 5)
[1390:13:17 -1597600.659998] SLOW spr round 413 (radius: 5)
[1392:39:43 -1597600.659867] SLOW spr round 414 (radius: 10)
[1395:23:28 -1597599.479180] SLOW spr round 415 (radius: 5)
[1398:07:49 -1597599.479143] SLOW spr round 416 (radius: 10)
[1400:44:41 -1597599.479143] SLOW spr round 417 (radius: 15)
[1404:22:26 -1597599.479143] SLOW spr round 418 (radius: 20)
[1410:45:48 -1597597.441574] SLOW spr round 419 (radius: 5)
[1413:03:18 -1597597.440981] SLOW spr round 420 (radius: 10)
[1415:40:03 -1597597.440981] SLOW spr round 421 (radius: 15)
[1419:14:05 -1597597.440981] SLOW spr round 422 (radius: 20)
[1425:24:14 -1597596.558599] SLOW spr round 423 (radius: 5)
[1427:50:16 -1597592.634875] SLOW spr round 424 (radius: 5)
[1430:14:28 -1597592.634718] SLOW spr round 425 (radius: 10)
[1432:52:45 -1597592.634718] SLOW spr round 426 (radius: 15)
[1436:30:21 -1597592.634718] SLOW spr round 427 (radius: 20)
[1443:10:08 -1597591.881589] SLOW spr round 428 (radius: 5)
[1445:58:33 -1597591.880483] SLOW spr round 429 (radius: 10)
[1449:13:53 -1597591.880104] SLOW spr round 430 (radius: 15)
[1453:38:51 -1597591.703370] SLOW spr round 431 (radius: 5)
[1457:04:27 -1597591.703328] SLOW spr round 432 (radius: 10)
[1460:37:44 -1597591.703328] SLOW spr round 433 (radius: 15)
[1465:11:48 -1597590.880765] SLOW spr round 434 (radius: 5)
[1468:42:48 -1597590.880731] SLOW spr round 435 (radius: 10)
[1472:07:52 -1597590.880731] SLOW spr round 436 (radius: 15)
[1476:37:01 -1597590.880731] SLOW spr round 437 (radius: 20)
[1483:59:57 -1597589.167480] SLOW spr round 438 (radius: 5)
[1487:17:45 -1597588.336287] SLOW spr round 439 (radius: 5)
[1490:09:12 -1597588.335995] SLOW spr round 440 (radius: 10)
[1492:45:22 -1597588.335994] SLOW spr round 441 (radius: 15)
[1496:25:25 -1597588.335994] SLOW spr round 442 (radius: 20)
[1502:45:01 -1597587.881305] SLOW spr round 443 (radius: 5)
[1504:48:35 -1597587.106125] SLOW spr round 444 (radius: 5)
[1506:57:22 -1597586.518324] SLOW spr round 445 (radius: 5)
[1509:16:58 -1597586.518324] SLOW spr round 446 (radius: 10)
[1512:09:25 -1597586.518324] SLOW spr round 447 (radius: 15)
[1517:07:03 -1597586.518324] SLOW spr round 448 (radius: 20)
[1524:11:07 -1597584.543613] SLOW spr round 449 (radius: 5)
[1527:19:02 -1597583.553257] SLOW spr round 450 (radius: 5)
[1530:29:16 -1597583.553047] SLOW spr round 451 (radius: 10)
[1533:09:37 -1597583.553047] SLOW spr round 452 (radius: 15)
[1536:45:00 -1597583.553047] SLOW spr round 453 (radius: 20)
[1542:48:40 -1597583.013892] SLOW spr round 454 (radius: 5)
[1545:01:04 -1597583.013574] SLOW spr round 455 (radius: 10)
[1547:49:18 -1597583.013574] SLOW spr round 456 (radius: 15)
[1551:13:09 -1597583.013574] SLOW spr round 457 (radius: 20)
[1557:08:20 -1597581.180576] SLOW spr round 458 (radius: 5)
[1559:29:10 -1597580.590905] SLOW spr round 459 (radius: 5)
[1561:51:01 -1597580.590831] SLOW spr round 460 (radius: 10)
[1564:18:57 -1597580.590830] SLOW spr round 461 (radius: 15)
[1568:01:24 -1597580.590830] SLOW spr round 462 (radius: 20)
[1574:32:57 -1597580.082885] SLOW spr round 463 (radius: 5)
[1577:15:26 -1597580.082795] SLOW spr round 464 (radius: 10)
[1580:07:30 -1597580.082790] SLOW spr round 465 (radius: 15)
[1584:04:35 -1597580.082784] SLOW spr round 466 (radius: 20)
[1590:38:08 -1597578.418443] SLOW spr round 467 (radius: 5)
[1593:14:28 -1597578.418407] SLOW spr round 468 (radius: 10)
[1596:03:55 -1597578.418401] SLOW spr round 469 (radius: 15)
[1600:03:21 -1597578.418396] SLOW spr round 470 (radius: 20)
[1606:57:30 -1597574.913474] SLOW spr round 471 (radius: 5)
[1609:55:05 -1597574.817210] SLOW spr round 472 (radius: 10)
[1612:41:49 -1597574.817206] SLOW spr round 473 (radius: 15)
[1616:28:54 -1597574.817206] SLOW spr round 474 (radius: 20)
[1622:55:39 -1597574.374927] SLOW spr round 475 (radius: 5)
[1625:46:47 -1597574.374927] SLOW spr round 476 (radius: 10)
[1628:29:39 -1597574.374927] SLOW spr round 477 (radius: 15)
[1632:06:57 -1597574.374927] SLOW spr round 478 (radius: 20)
[1638:11:39 -1597574.082312] SLOW spr round 479 (radius: 5)
[1640:22:10 -1597573.682810] SLOW spr round 480 (radius: 5)
[1642:34:31 -1597573.666940] SLOW spr round 481 (radius: 10)
[1645:05:59 -1597573.666939] SLOW spr round 482 (radius: 15)
[1648:39:56 -1597573.666939] SLOW spr round 483 (radius: 20)
[1655:05:46 -1597573.524990] SLOW spr round 484 (radius: 5)
[1657:30:20 -1597573.524989] SLOW spr round 485 (radius: 10)
[1660:06:10 -1597573.524989] SLOW spr round 486 (radius: 15)
[1663:24:48 -1597573.524989] SLOW spr round 487 (radius: 20)
[1669:42:16 -1597570.251814] SLOW spr round 488 (radius: 5)
[1672:00:26 -1597570.114827] SLOW spr round 489 (radius: 5)
[1674:32:20 -1597570.114738] SLOW spr round 490 (radius: 10)
[1677:18:30 -1597570.114735] SLOW spr round 491 (radius: 15)
[1681:09:02 -1597567.790558] SLOW spr round 492 (radius: 5)
[1683:38:43 -1597567.790494] SLOW spr round 493 (radius: 10)
[1686:19:27 -1597566.292972] SLOW spr round 494 (radius: 5)
[1688:33:58 -1597565.519094] SLOW spr round 495 (radius: 5)
[1690:41:02 -1597565.518989] SLOW spr round 496 (radius: 10)
[1693:00:34 -1597565.518989] SLOW spr round 497 (radius: 15)
[1696:26:00 -1597565.518989] SLOW spr round 498 (radius: 20)
[1702:36:50 -1597563.191591] SLOW spr round 499 (radius: 5)
[1704:53:31 -1597560.042170] SLOW spr round 500 (radius: 5)
[1706:51:50 -1597559.587261] SLOW spr round 501 (radius: 5)
[1708:50:08 -1597559.587254] SLOW spr round 502 (radius: 10)
[1711:07:48 -1597559.587254] SLOW spr round 503 (radius: 15)
[1714:51:34 -1597559.587254] SLOW spr round 504 (radius: 20)
[1721:44:03 -1597559.504223] SLOW spr round 505 (radius: 25)
[1733:31:59 -1597421.708235] SLOW spr round 506 (radius: 5)
[1736:32:21 -1597354.444452] SLOW spr round 507 (radius: 5)
[1739:27:13 -1597337.485809] SLOW spr round 508 (radius: 5)
[1742:23:32 -1597336.678486] SLOW spr round 509 (radius: 5)
[1745:12:14 -1597336.678392] SLOW spr round 510 (radius: 10)
[1747:59:47 -1597314.822358] SLOW spr round 511 (radius: 5)
[1750:39:57 -1597304.615348] SLOW spr round 512 (radius: 5)
[1753:28:01 -1597304.131168] SLOW spr round 513 (radius: 5)
[1756:18:35 -1597303.966765] SLOW spr round 514 (radius: 5)
[1759:12:15 -1597303.966591] SLOW spr round 515 (radius: 10)
[1762:07:04 -1597302.153391] SLOW spr round 516 (radius: 5)
[1764:41:57 -1597295.659185] SLOW spr round 517 (radius: 5)
[1767:26:30 -1597293.820689] SLOW spr round 518 (radius: 5)
[1770:24:29 -1597293.820677] SLOW spr round 519 (radius: 10)
[1773:32:13 -1597293.678979] SLOW spr round 520 (radius: 5)
[1776:27:11 -1597293.678976] SLOW spr round 521 (radius: 10)
[1779:41:04 -1597293.678974] SLOW spr round 522 (radius: 15)
[1783:30:49 -1597287.676434] SLOW spr round 523 (radius: 5)
[1786:11:20 -1597284.617092] SLOW spr round 524 (radius: 5)
[1788:18:07 -1597284.471934] SLOW spr round 525 (radius: 5)
[1790:31:41 -1597284.471879] SLOW spr round 526 (radius: 10)
[1793:02:11 -1597283.614877] SLOW spr round 527 (radius: 5)
[1795:20:03 -1597281.360589] SLOW spr round 528 (radius: 5)
[1797:39:42 -1597281.360270] SLOW spr round 529 (radius: 10)
[1800:09:42 -1597281.360270] SLOW spr round 530 (radius: 15)
[1804:03:49 -1597280.364801] SLOW spr round 531 (radius: 5)
[1807:12:55 -1597280.050595] SLOW spr round 532 (radius: 5)
[1810:12:00 -1597280.050179] SLOW spr round 533 (radius: 10)
[1813:06:21 -1597280.050178] SLOW spr round 534 (radius: 15)
[1817:17:48 -1597280.019713] SLOW spr round 535 (radius: 20)
[1824:04:38 -1597246.004716] SLOW spr round 536 (radius: 5)
[1826:53:49 -1597237.326516] SLOW spr round 537 (radius: 5)
[1829:52:37 -1597233.615609] SLOW spr round 538 (radius: 5)
[1832:55:11 -1597233.615118] SLOW spr round 539 (radius: 10)
[1835:48:42 -1597233.284117] SLOW spr round 540 (radius: 5)
[1838:35:21 -1597233.284117] SLOW spr round 541 (radius: 10)
[1841:29:54 -1597233.284117] SLOW spr round 542 (radius: 15)
[1845:24:53 -1597231.712904] SLOW spr round 543 (radius: 5)
[1848:19:00 -1597226.121104] SLOW spr round 544 (radius: 5)
[1851:03:14 -1597226.120630] SLOW spr round 545 (radius: 10)
[1853:50:14 -1597225.724788] SLOW spr round 546 (radius: 5)
[1856:29:18 -1597225.721708] SLOW spr round 547 (radius: 10)
[1859:16:55 -1597225.721707] SLOW spr round 548 (radius: 15)
[1863:17:44 -1597225.721707] SLOW spr round 549 (radius: 20)
[1870:06:16 -1597225.017276] SLOW spr round 550 (radius: 5)
[1873:13:51 -1597223.718973] SLOW spr round 551 (radius: 5)
[1876:17:03 -1597223.718862] SLOW spr round 552 (radius: 10)
[1878:52:53 -1597223.718861] SLOW spr round 553 (radius: 15)
[1882:56:56 -1597223.718861] SLOW spr round 554 (radius: 20)
[1889:08:26 -1597223.283256] SLOW spr round 555 (radius: 5)
[1891:25:50 -1597220.244733] SLOW spr round 556 (radius: 5)
[1894:31:09 -1597220.244403] SLOW spr round 557 (radius: 10)
[1897:51:24 -1597219.586501] SLOW spr round 558 (radius: 5)
[1900:46:42 -1597219.586015] SLOW spr round 559 (radius: 10)
[1903:34:24 -1597219.586000] SLOW spr round 560 (radius: 15)
[1907:12:57 -1597216.953366] SLOW spr round 561 (radius: 5)
[1909:34:59 -1597212.284784] SLOW spr round 562 (radius: 5)
[1911:50:06 -1597212.284065] SLOW spr round 563 (radius: 10)
[1914:37:33 -1597210.949684] SLOW spr round 564 (radius: 5)
[1917:25:23 -1597208.163470] SLOW spr round 565 (radius: 5)
[1920:11:33 -1597206.179599] SLOW spr round 566 (radius: 5)
[1922:53:08 -1597203.981087] SLOW spr round 567 (radius: 5)
[1925:41:24 -1597202.444213] SLOW spr round 568 (radius: 5)
[1928:43:58 -1597202.444098] SLOW spr round 569 (radius: 10)
[1931:59:25 -1597202.444096] SLOW spr round 570 (radius: 15)
[1936:00:03 -1597201.996844] SLOW spr round 571 (radius: 5)
[1938:44:47 -1597201.996707] SLOW spr round 572 (radius: 10)
[1941:51:16 -1597201.996707] SLOW spr round 573 (radius: 15)
[1946:12:30 -1597197.628743] SLOW spr round 574 (radius: 5)
[1949:20:22 -1597197.628646] SLOW spr round 575 (radius: 10)
[1952:47:20 -1597197.628646] SLOW spr round 576 (radius: 15)
[1957:21:08 -1597197.565208] SLOW spr round 577 (radius: 20)
[1964:13:15 -1597196.930765] SLOW spr round 578 (radius: 5)
[1967:39:11 -1597193.890653] SLOW spr round 579 (radius: 5)
[1970:59:00 -1597193.890332] SLOW spr round 580 (radius: 10)
[1974:15:01 -1597193.890331] SLOW spr round 581 (radius: 15)
[1978:24:05 -1597193.830817] SLOW spr round 582 (radius: 20)
[1984:59:46 -1597185.866437] SLOW spr round 583 (radius: 5)
[1987:31:41 -1597185.865952] SLOW spr round 584 (radius: 10)
[1990:21:25 -1597185.865952] SLOW spr round 585 (radius: 15)
[1994:37:00 -1597185.865952] SLOW spr round 586 (radius: 20)
[2001:30:37 -1597185.536805] SLOW spr round 587 (radius: 5)
[2004:27:32 -1597185.536060] SLOW spr round 588 (radius: 10)
[2007:34:21 -1597185.536060] SLOW spr round 589 (radius: 15)
[2011:42:45 -1597185.536060] SLOW spr round 590 (radius: 20)
[2018:44:33 -1597184.551801] SLOW spr round 591 (radius: 5)
[2021:38:12 -1597182.985067] SLOW spr round 592 (radius: 5)
[2024:47:36 -1597182.982139] SLOW spr round 593 (radius: 10)
[2028:01:35 -1597182.982134] SLOW spr round 594 (radius: 15)
[2032:29:21 -1597182.263801] SLOW spr round 595 (radius: 5)
[2035:52:10 -1597182.033336] SLOW spr round 596 (radius: 5)
[2039:05:01 -1597177.552827] SLOW spr round 597 (radius: 5)
[2042:28:48 -1597170.053821] SLOW spr round 598 (radius: 5)
[2045:44:34 -1597167.872923] SLOW spr round 599 (radius: 5)
[2049:07:36 -1597167.872923] SLOW spr round 600 (radius: 10)
[2052:21:53 -1597165.901280] SLOW spr round 601 (radius: 5)
[2054:53:56 -1597165.900936] SLOW spr round 602 (radius: 10)
[2057:48:54 -1597165.900936] SLOW spr round 603 (radius: 15)
[2062:02:13 -1597165.900936] SLOW spr round 604 (radius: 20)
[2069:04:41 -1597159.458438] SLOW spr round 605 (radius: 5)
[2072:36:14 -1597159.315400] SLOW spr round 606 (radius: 5)
[2075:52:31 -1597159.315348] SLOW spr round 607 (radius: 10)
[2079:34:58 -1597159.315348] SLOW spr round 608 (radius: 15)
[2084:08:35 -1597158.717939] SLOW spr round 609 (radius: 5)
[2087:21:25 -1597158.717471] SLOW spr round 610 (radius: 10)
[2090:54:20 -1597158.717471] SLOW spr round 611 (radius: 15)
[2095:24:14 -1597158.717471] SLOW spr round 612 (radius: 20)
[2102:50:48 -1597158.578685] SLOW spr round 613 (radius: 5)
[2106:01:55 -1597158.578670] SLOW spr round 614 (radius: 10)
[2109:29:55 -1597158.578670] SLOW spr round 615 (radius: 15)
[2113:51:53 -1597158.578670] SLOW spr round 616 (radius: 20)
[2120:56:20 -1597158.556442] SLOW spr round 617 (radius: 25)
[2132:32:58 -1597029.687236] SLOW spr round 618 (radius: 5)
[2135:05:35 -1596968.857662] SLOW spr round 619 (radius: 5)
[2137:43:25 -1596958.952420] SLOW spr round 620 (radius: 5)
[2140:15:38 -1596958.904641] SLOW spr round 621 (radius: 10)
[2142:48:30 -1596942.391029] SLOW spr round 622 (radius: 5)
[2145:24:44 -1596937.979216] SLOW spr round 623 (radius: 5)
[2148:16:51 -1596936.471705] SLOW spr round 624 (radius: 5)
[2151:12:26 -1596936.471655] SLOW spr round 625 (radius: 10)
[2154:24:31 -1596936.471655] SLOW spr round 626 (radius: 15)
[2159:15:20 -1596888.908312] SLOW spr round 627 (radius: 5)
[2162:06:29 -1596882.482843] SLOW spr round 628 (radius: 5)
[2164:45:05 -1596881.931103] SLOW spr round 629 (radius: 5)
[2167:42:39 -1596881.931094] SLOW spr round 630 (radius: 10)
[2170:30:43 -1596881.359295] SLOW spr round 631 (radius: 5)
[2173:28:00 -1596881.359290] SLOW spr round 632 (radius: 10)
[2176:25:39 -1596881.359290] SLOW spr round 633 (radius: 15)
[2180:24:23 -1596877.118345] SLOW spr round 634 (radius: 5)
[2183:12:27 -1596876.179144] SLOW spr round 635 (radius: 5)
[2185:59:29 -1596876.179134] SLOW spr round 636 (radius: 10)
[2189:17:50 -1596876.179134] SLOW spr round 637 (radius: 15)
[2193:46:04 -1596875.711231] SLOW spr round 638 (radius: 5)
[2196:30:07 -1596875.711064] SLOW spr round 639 (radius: 10)
[2199:30:41 -1596875.711063] SLOW spr round 640 (radius: 15)
[2204:07:22 -1596873.275713] SLOW spr round 641 (radius: 5)
[2207:30:41 -1596871.194057] SLOW spr round 642 (radius: 5)
[2210:12:15 -1596871.193993] SLOW spr round 643 (radius: 10)
[2212:56:25 -1596871.193993] SLOW spr round 644 (radius: 15)
[2216:45:24 -1596870.987950] SLOW spr round 645 (radius: 5)
[2219:24:29 -1596870.987950] SLOW spr round 646 (radius: 10)
[2222:20:03 -1596870.987950] SLOW spr round 647 (radius: 15)
[2226:03:03 -1596870.030728] SLOW spr round 648 (radius: 5)
[2228:48:56 -1596866.103597] SLOW spr round 649 (radius: 5)
[2231:25:39 -1596864.906196] SLOW spr round 650 (radius: 5)
[2233:42:47 -1596864.906030] SLOW spr round 651 (radius: 10)
[2236:00:54 -1596864.906030] SLOW spr round 652 (radius: 15)
[2239:28:46 -1596864.876359] SLOW spr round 653 (radius: 20)
[2245:58:38 -1596845.056366] SLOW spr round 654 (radius: 5)
[2248:27:31 -1596836.070106] SLOW spr round 655 (radius: 5)
[2250:53:01 -1596835.331980] SLOW spr round 656 (radius: 5)
[2253:19:29 -1596835.331980] SLOW spr round 657 (radius: 10)
[2255:56:15 -1596834.966034] SLOW spr round 658 (radius: 5)
[2258:19:03 -1596834.966022] SLOW spr round 659 (radius: 10)
[2260:55:23 -1596834.966022] SLOW spr round 660 (radius: 15)
[2264:31:57 -1596824.079978] SLOW spr round 661 (radius: 5)
[2267:03:10 -1596820.040288] SLOW spr round 662 (radius: 5)
[2269:41:05 -1596820.017130] SLOW spr round 663 (radius: 10)
[2272:26:36 -1596820.017129] SLOW spr round 664 (radius: 15)
[2276:19:51 -1596819.053752] SLOW spr round 665 (radius: 5)
[2279:00:14 -1596819.040474] SLOW spr round 666 (radius: 10)
[2282:11:09 -1596819.040461] SLOW spr round 667 (radius: 15)
[2286:35:53 -1596819.040461] SLOW spr round 668 (radius: 20)
[2293:31:58 -1596815.878374] SLOW spr round 669 (radius: 5)
[2296:27:15 -1596815.448192] SLOW spr round 670 (radius: 5)
[2299:45:10 -1596815.447946] SLOW spr round 671 (radius: 10)
[2303:09:05 -1596815.447945] SLOW spr round 672 (radius: 15)
[2307:02:26 -1596815.447945] SLOW spr round 673 (radius: 20)
[2314:06:23 -1596815.349714] SLOW spr round 674 (radius: 25)
[2325:55:26 -1596759.670554] SLOW spr round 675 (radius: 5)
[2328:32:20 -1596724.175206] SLOW spr round 676 (radius: 5)
[2331:15:01 -1596721.133491] SLOW spr round 677 (radius: 5)
[2333:50:06 -1596721.133487] SLOW spr round 678 (radius: 10)
[2336:28:21 -1596704.829940] SLOW spr round 679 (radius: 5)
[2339:03:33 -1596704.244188] SLOW spr round 680 (radius: 5)
[2341:35:24 -1596704.244187] SLOW spr round 681 (radius: 10)
[2344:14:43 -1596704.244187] SLOW spr round 682 (radius: 15)
[2348:02:32 -1596702.884551] SLOW spr round 683 (radius: 5)
[2350:43:12 -1596701.890727] SLOW spr round 684 (radius: 5)
[2353:10:22 -1596701.627253] SLOW spr round 685 (radius: 5)
[2355:31:52 -1596700.195006] SLOW spr round 686 (radius: 5)
[2358:01:18 -1596700.194986] SLOW spr round 687 (radius: 10)
[2360:50:27 -1596700.194986] SLOW spr round 688 (radius: 15)
[2364:35:21 -1596700.194986] SLOW spr round 689 (radius: 20)
[2370:52:31 -1596686.622189] SLOW spr round 690 (radius: 5)
[2373:14:57 -1596683.001708] SLOW spr round 691 (radius: 5)
[2375:35:02 -1596682.860926] SLOW spr round 692 (radius: 5)
[2377:47:03 -1596682.860754] SLOW spr round 693 (radius: 10)
[2380:11:00 -1596682.753093] SLOW spr round 694 (radius: 5)
[2382:16:17 -1596682.740222] SLOW spr round 695 (radius: 10)
[2384:41:42 -1596682.740132] SLOW spr round 696 (radius: 15)
[2388:17:53 -1596681.509304] SLOW spr round 697 (radius: 5)
[2391:05:06 -1596681.509215] SLOW spr round 698 (radius: 10)
[2394:19:17 -1596681.509215] SLOW spr round 699 (radius: 15)
[2398:25:34 -1596681.509215] SLOW spr round 700 (radius: 20)
[2405:18:44 -1596681.403801] SLOW spr round 701 (radius: 5)
[2408:19:01 -1596681.403565] SLOW spr round 702 (radius: 10)
[2411:31:41 -1596680.457634] SLOW spr round 703 (radius: 5)
[2414:05:13 -1596680.457631] SLOW spr round 704 (radius: 10)
[2416:54:59 -1596680.457631] SLOW spr round 705 (radius: 15)
[2420:49:14 -1596679.962341] SLOW spr round 706 (radius: 5)
[2423:25:23 -1596679.962286] SLOW spr round 707 (radius: 10)
[2426:08:56 -1596679.962286] SLOW spr round 708 (radius: 15)
[2430:03:44 -1596679.962286] SLOW spr round 709 (radius: 20)
[2436:24:54 -1596677.627171] SLOW spr round 710 (radius: 5)
[2438:50:54 -1596673.654536] SLOW spr round 711 (radius: 5)
[2441:12:04 -1596673.654192] SLOW spr round 712 (radius: 10)
[2443:45:10 -1596673.018981] SLOW spr round 713 (radius: 5)
[2445:51:26 -1596672.936418] SLOW spr round 714 (radius: 10)
[2448:15:56 -1596672.936097] SLOW spr round 715 (radius: 15)
[2451:52:48 -1596672.936097] SLOW spr round 716 (radius: 20)
[2458:35:01 -1596672.855690] SLOW spr round 717 (radius: 25)
[2470:12:56 -1596637.193360] SLOW spr round 718 (radius: 5)
[2472:48:01 -1596628.409389] SLOW spr round 719 (radius: 5)
[2475:06:12 -1596628.408469] SLOW spr round 720 (radius: 10)
[2477:37:23 -1596623.044306] SLOW spr round 721 (radius: 5)
[2480:33:13 -1596619.879321] SLOW spr round 722 (radius: 5)
[2483:17:39 -1596619.879308] SLOW spr round 723 (radius: 10)
[2486:11:35 -1596619.879307] SLOW spr round 724 (radius: 15)
[2490:15:12 -1596615.412773] SLOW spr round 725 (radius: 5)
[2493:03:14 -1596615.412054] SLOW spr round 726 (radius: 10)
[2495:48:59 -1596614.430290] SLOW spr round 727 (radius: 5)
[2498:01:32 -1596614.430284] SLOW spr round 728 (radius: 10)
[2500:19:47 -1596614.430284] SLOW spr round 729 (radius: 15)
[2503:59:14 -1596612.249046] SLOW spr round 730 (radius: 5)
[2506:08:49 -1596612.248323] SLOW spr round 731 (radius: 10)
[2508:36:24 -1596612.248323] SLOW spr round 732 (radius: 15)
[2512:40:18 -1596612.000416] SLOW spr round 733 (radius: 5)
[2515:07:07 -1596612.000415] SLOW spr round 734 (radius: 10)
[2517:50:50 -1596612.000415] SLOW spr round 735 (radius: 15)
[2521:40:58 -1596612.000415] SLOW spr round 736 (radius: 20)
[2528:14:36 -1596600.782708] SLOW spr round 737 (radius: 5)
[2530:23:30 -1596600.720247] SLOW spr round 738 (radius: 10)
[2532:52:18 -1596598.589750] SLOW spr round 739 (radius: 5)
[2535:45:31 -1596595.934632] SLOW spr round 740 (radius: 5)
[2538:16:07 -1596595.934611] SLOW spr round 741 (radius: 10)
[2540:51:50 -1596595.934611] SLOW spr round 742 (radius: 15)
[2544:27:27 -1596595.934611] SLOW spr round 743 (radius: 20)
[2550:48:49 -1596595.903426] SLOW spr round 744 (radius: 25)
[2562:43:33 -1596585.024180] SLOW spr round 745 (radius: 5)
[2565:22:47 -1596582.057720] SLOW spr round 746 (radius: 5)
[2568:00:01 -1596582.057638] SLOW spr round 747 (radius: 10)
[2570:33:35 -1596581.429550] SLOW spr round 748 (radius: 5)
[2573:10:45 -1596578.808005] SLOW spr round 749 (radius: 5)
[2575:46:53 -1596578.807995] SLOW spr round 750 (radius: 10)
[2578:35:29 -1596578.807995] SLOW spr round 751 (radius: 15)
[2582:19:30 -1596578.546215] SLOW spr round 752 (radius: 5)
[2584:44:44 -1596578.546094] SLOW spr round 753 (radius: 10)
[2587:27:24 -1596578.546094] SLOW spr round 754 (radius: 15)
[2591:10:12 -1596578.546094] SLOW spr round 755 (radius: 20)
[2597:47:30 -1596573.184409] SLOW spr round 756 (radius: 5)
[2600:19:46 -1596573.114516] SLOW spr round 757 (radius: 10)
[2603:01:34 -1596573.114297] SLOW spr round 758 (radius: 15)
[2606:55:29 -1596573.004972] SLOW spr round 759 (radius: 5)
[2609:58:31 -1596571.949291] SLOW spr round 760 (radius: 5)
[2613:08:49 -1596571.949085] SLOW spr round 761 (radius: 10)
[2616:15:27 -1596571.949085] SLOW spr round 762 (radius: 15)
[2620:33:08 -1596571.949085] SLOW spr round 763 (radius: 20)
[2627:10:38 -1596571.418730] SLOW spr round 764 (radius: 5)
[2629:33:04 -1596571.355098] SLOW spr round 765 (radius: 10)
[2632:21:19 -1596571.354828] SLOW spr round 766 (radius: 15)
[2636:15:44 -1596571.354827] SLOW spr round 767 (radius: 20)
[2643:03:25 -1596571.354827] SLOW spr round 768 (radius: 25)
[2655:16:46 -1596567.167920] SLOW spr round 769 (radius: 5)
[2658:07:11 -1596564.062449] SLOW spr round 770 (radius: 5)
[2661:07:07 -1596564.061950] SLOW spr round 771 (radius: 10)
[2664:09:08 -1596563.777444] SLOW spr round 772 (radius: 5)
[2667:03:57 -1596563.777408] SLOW spr round 773 (radius: 10)
[2670:25:23 -1596563.777392] SLOW spr round 774 (radius: 15)
[2674:30:16 -1596563.777383] SLOW spr round 775 (radius: 20)
[2681:28:29 -1596563.777379] SLOW spr round 776 (radius: 25)
[2693:45:38 -1596555.755978] SLOW spr round 777 (radius: 5)
[2696:41:33 -1596554.614013] SLOW spr round 778 (radius: 5)
[2699:48:49 -1596554.614009] SLOW spr round 779 (radius: 10)
[2703:05:06 -1596553.310593] SLOW spr round 780 (radius: 5)
[2706:11:06 -1596553.310220] SLOW spr round 781 (radius: 10)
[2709:13:43 -1596553.310217] SLOW spr round 782 (radius: 15)
[2713:27:18 -1596553.310217] SLOW spr round 783 (radius: 20)
[2720:43:55 -1596553.310217] SLOW spr round 784 (radius: 25)
[2732:52:49 -1596552.191987] SLOW spr round 785 (radius: 5)
[2735:54:25 -1596552.191887] SLOW spr round 786 (radius: 10)
[2739:00:08 -1596552.191886] SLOW spr round 787 (radius: 15)
[2743:22:10 -1596552.191886] SLOW spr round 788 (radius: 20)
[2750:49:43 -1596545.076437] SLOW spr round 789 (radius: 5)
[2753:58:29 -1596538.422298] SLOW spr round 790 (radius: 5)
[2756:49:10 -1596538.145334] SLOW spr round 791 (radius: 5)
[2759:19:50 -1596538.145328] SLOW spr round 792 (radius: 10)
[2762:01:25 -1596534.125697] SLOW spr round 793 (radius: 5)
[2764:46:57 -1596534.125678] SLOW spr round 794 (radius: 10)
[2767:29:07 -1596534.125678] SLOW spr round 795 (radius: 15)
[2771:16:08 -1596532.022648] SLOW spr round 796 (radius: 5)
[2773:44:56 -1596532.022648] SLOW spr round 797 (radius: 10)
[2776:35:00 -1596532.022648] SLOW spr round 798 (radius: 15)
[2780:25:11 -1596529.839250] SLOW spr round 799 (radius: 5)
[2783:03:50 -1596529.839250] SLOW spr round 800 (radius: 10)
[2785:50:02 -1596529.839250] SLOW spr round 801 (radius: 15)
[2789:19:54 -1596528.722956] SLOW spr round 802 (radius: 5)
[2791:43:27 -1596528.722955] SLOW spr round 803 (radius: 10)
[2794:19:17 -1596527.611685] SLOW spr round 804 (radius: 5)
[2796:43:59 -1596527.611685] SLOW spr round 805 (radius: 10)
[2799:21:36 -1596527.611685] SLOW spr round 806 (radius: 15)
[2803:01:52 -1596527.611685] SLOW spr round 807 (radius: 20)
[2809:42:41 -1596523.179190] SLOW spr round 808 (radius: 5)
[2812:15:52 -1596521.225246] SLOW spr round 809 (radius: 5)
[2814:54:41 -1596521.225246] SLOW spr round 810 (radius: 10)
[2817:41:56 -1596521.225246] SLOW spr round 811 (radius: 15)
[2821:27:11 -1596521.225246] SLOW spr round 812 (radius: 20)
[2828:09:00 -1596520.648375] SLOW spr round 813 (radius: 5)
[2830:48:42 -1596520.034497] SLOW spr round 814 (radius: 5)
[2833:21:22 -1596520.034494] SLOW spr round 815 (radius: 10)
[2836:04:11 -1596519.580943] SLOW spr round 816 (radius: 5)
[2838:53:20 -1596519.580899] SLOW spr round 817 (radius: 10)
[2841:38:59 -1596519.580899] SLOW spr round 818 (radius: 15)
[2845:33:27 -1596519.580899] SLOW spr round 819 (radius: 20)
[2852:17:36 -1596519.580899] SLOW spr round 820 (radius: 25)
[2864:06:40 -1596510.575465] SLOW spr round 821 (radius: 5)
[2867:05:33 -1596501.812929] SLOW spr round 822 (radius: 5)
[2870:04:06 -1596500.982818] SLOW spr round 823 (radius: 5)
[2873:03:25 -1596500.982813] SLOW spr round 824 (radius: 10)
[2876:25:07 -1596500.006283] SLOW spr round 825 (radius: 5)
[2879:49:00 -1596500.006224] SLOW spr round 826 (radius: 10)
[2883:07:07 -1596500.006224] SLOW spr round 827 (radius: 15)
[2887:11:41 -1596499.320011] SLOW spr round 828 (radius: 5)
[2889:58:36 -1596499.320011] SLOW spr round 829 (radius: 10)
[2892:33:46 -1596499.320011] SLOW spr round 830 (radius: 15)
[2896:03:42 -1596499.320011] SLOW spr round 831 (radius: 20)
[2902:24:01 -1596496.115803] SLOW spr round 832 (radius: 5)
[2904:55:19 -1596496.115596] SLOW spr round 833 (radius: 10)
[2907:25:37 -1596496.115596] SLOW spr round 834 (radius: 15)
[2911:11:19 -1596486.516532] SLOW spr round 835 (radius: 5)
[2913:28:50 -1596483.706098] SLOW spr round 836 (radius: 5)
[2915:36:53 -1596483.517312] SLOW spr round 837 (radius: 5)
[2918:11:50 -1596483.517233] SLOW spr round 838 (radius: 10)
[2921:20:31 -1596483.517233] SLOW spr round 839 (radius: 15)
[2925:27:44 -1596483.517233] SLOW spr round 840 (radius: 20)
[2931:57:59 -1596483.517233] SLOW spr round 841 (radius: 25)
[2944:11:01 -1596481.025136] SLOW spr round 842 (radius: 5)
[2946:52:56 -1596479.518259] SLOW spr round 843 (radius: 5)
[2949:14:44 -1596479.518190] SLOW spr round 844 (radius: 10)
[2951:42:44 -1596475.525296] SLOW spr round 845 (radius: 5)
[2953:59:17 -1596469.115025] SLOW spr round 846 (radius: 5)
[2956:28:23 -1596467.344881] SLOW spr round 847 (radius: 5)
[2959:07:11 -1596467.078684] SLOW spr round 848 (radius: 5)
[2961:51:45 -1596467.019019] SLOW spr round 849 (radius: 10)
[2965:02:32 -1596465.637032] SLOW spr round 850 (radius: 5)
[2967:48:00 -1596465.636692] SLOW spr round 851 (radius: 10)
[2970:31:47 -1596465.636661] SLOW spr round 852 (radius: 15)
[2974:18:21 -1596463.113617] SLOW spr round 853 (radius: 5)
[2977:20:03 -1596461.700423] SLOW spr round 854 (radius: 5)
[2979:53:24 -1596461.616556] SLOW spr round 855 (radius: 10)
[2982:53:37 -1596461.616553] SLOW spr round 856 (radius: 15)
[2986:58:57 -1596461.065109] SLOW spr round 857 (radius: 5)
[2989:37:20 -1596460.675529] SLOW spr round 858 (radius: 5)
[2992:23:02 -1596460.675488] SLOW spr round 859 (radius: 10)
[2995:22:29 -1596460.675488] SLOW spr round 860 (radius: 15)
[2999:32:23 -1596460.675488] SLOW spr round 861 (radius: 20)
[3007:04:29 -1596460.051110] SLOW spr round 862 (radius: 5)
[3010:10:04 -1596456.913358] SLOW spr round 863 (radius: 5)
[3013:11:14 -1596456.913199] SLOW spr round 864 (radius: 10)
[3016:16:05 -1596456.913199] SLOW spr round 865 (radius: 15)
[3020:26:17 -1596456.913199] SLOW spr round 866 (radius: 20)
[3027:19:23 -1596456.527893] SLOW spr round 867 (radius: 5)
[3030:24:23 -1596456.525828] SLOW spr round 868 (radius: 10)
[3033:59:14 -1596456.525817] SLOW spr round 869 (radius: 15)
[3038:31:43 -1596456.525817] SLOW spr round 870 (radius: 20)
[3045:59:10 -1596456.525817] SLOW spr round 871 (radius: 25)
[3058:39:44 -1596453.146358] SLOW spr round 872 (radius: 5)
[3062:02:28 -1596453.146151] SLOW spr round 873 (radius: 10)
[3065:41:45 -1596453.146151] SLOW spr round 874 (radius: 15)
[3070:11:09 -1596453.146151] SLOW spr round 875 (radius: 20)
[3077:28:17 -1596453.146151] SLOW spr round 876 (radius: 25)
[3089:48:10 -1596452.266811] SLOW spr round 877 (radius: 5)
[3092:25:37 -1596452.212534] SLOW spr round 878 (radius: 10)
[3095:37:46 -1596452.212534] SLOW spr round 879 (radius: 15)
[3099:39:15 -1596452.212534] SLOW spr round 880 (radius: 20)
[3106:05:39 -1596451.215038] SLOW spr round 881 (radius: 5)
[3108:32:07 -1596450.029077] SLOW spr round 882 (radius: 5)
[3110:51:13 -1596450.028951] SLOW spr round 883 (radius: 10)
[3113:15:56 -1596450.028951] SLOW spr round 884 (radius: 15)
[3116:50:29 -1596450.028951] SLOW spr round 885 (radius: 20)
[3123:08:16 -1596450.028951] SLOW spr round 886 (radius: 25)
[3135:12:05 -1596446.505301] SLOW spr round 887 (radius: 5)
[3137:54:38 -1596446.185774] SLOW spr round 888 (radius: 5)
[3140:30:03 -1596446.185771] SLOW spr round 889 (radius: 10)
[3143:47:55 -1596446.185769] SLOW spr round 890 (radius: 15)
[3148:03:33 -1596446.185768] SLOW spr round 891 (radius: 20)
[3154:46:13 -1596445.252944] SLOW spr round 892 (radius: 5)
[3157:12:59 -1596443.932608] SLOW spr round 893 (radius: 5)
[3159:40:58 -1596443.932404] SLOW spr round 894 (radius: 10)
[3162:34:59 -1596443.932404] SLOW spr round 895 (radius: 15)
[3166:36:54 -1596443.932404] SLOW spr round 896 (radius: 20)
[3173:40:07 -1596443.932404] SLOW spr round 897 (radius: 25)
[3185:59:47 -1596443.089509] SLOW spr round 898 (radius: 5)
[3188:49:53 -1596443.089509] SLOW spr round 899 (radius: 10)
[3191:57:18 -1596443.089509] SLOW spr round 900 (radius: 15)
[3196:14:01 -1596443.089509] SLOW spr round 901 (radius: 20)
[3203:00:12 -1596443.089509] SLOW spr round 902 (radius: 25)
[3214:50:00 -1596442.346381] SLOW spr round 903 (radius: 5)
[3216:57:32 -1596441.428975] SLOW spr round 904 (radius: 5)
[3219:01:51 -1596441.428968] SLOW spr round 905 (radius: 10)
[3221:13:09 -1596441.428968] SLOW spr round 906 (radius: 15)
[3224:39:17 -1596441.428968] SLOW spr round 907 (radius: 20)
[3230:52:52 -1596441.428968] SLOW spr round 908 (radius: 25)
[3243:00:22 -1596440.960193] SLOW spr round 909 (radius: 5)
[3246:02:43 -1596440.960132] SLOW spr round 910 (radius: 10)
[3249:08:55 -1596440.960132] SLOW spr round 911 (radius: 15)
[3252:58:55 -1596434.992064] SLOW spr round 912 (radius: 5)
[3255:25:41 -1596434.937801] SLOW spr round 913 (radius: 10)
[3258:13:40 -1596434.937799] SLOW spr round 914 (radius: 15)
[3261:57:34 -1596434.937799] SLOW spr round 915 (radius: 20)
[3268:37:53 -1596434.937799] SLOW spr round 916 (radius: 25)
[3280:26:24 -1596434.487459] SLOW spr round 917 (radius: 5)
[3283:09:23 -1596431.961088] SLOW spr round 918 (radius: 5)
[3285:36:45 -1596431.961069] SLOW spr round 919 (radius: 10)
[3288:07:57 -1596431.961069] SLOW spr round 920 (radius: 15)
[3291:41:47 -1596431.961069] SLOW spr round 921 (radius: 20)
[3298:12:11 -1596431.961069] SLOW spr round 922 (radius: 25)
[3309:59:36 -1596431.618259] SLOW spr round 923 (radius: 5)
[3312:46:24 -1596431.125992] SLOW spr round 924 (radius: 5)
[3316:00:06 -1596431.125943] SLOW spr round 925 (radius: 10)
[3319:34:23 -1596431.125943] SLOW spr round 926 (radius: 15)
[3324:12:18 -1596431.125943] SLOW spr round 927 (radius: 20)
[3331:47:29 -1596431.125943] SLOW spr round 928 (radius: 25)
[3344:27:48 -1596430.952328] SLOW spr round 929 (radius: 5)
[3347:28:33 -1596430.952328] SLOW spr round 930 (radius: 10)
[3350:17:47 -1596430.952328] SLOW spr round 931 (radius: 15)
[3354:10:16 -1596430.952328] SLOW spr round 932 (radius: 20)
[3360:43:30 -1596430.952328] SLOW spr round 933 (radius: 25)
[3372:39:26 -1596430.354542] SLOW spr round 934 (radius: 5)
[3375:20:04 -1596428.236178] SLOW spr round 935 (radius: 5)
[3377:59:47 -1596428.236177] SLOW spr round 936 (radius: 10)
[3380:47:07 -1596428.236177] SLOW spr round 937 (radius: 15)
[3384:29:55 -1596428.236177] SLOW spr round 938 (radius: 20)
[3391:09:45 -1596428.236177] SLOW spr round 939 (radius: 25)
[3402:58:20 -1596428.147365] Model parameter optimization (eps = 0.100000)

[3403:00:21] ML tree search #1, logLikelihood: -1596409.781794


Optimized model parameters:

   Partition 0: noname
   Rate heterogeneity: GAMMA (4 cats, mean),  alpha: 0.447386 (ML),  weights&rates: (0.250000,0.024102) (0.250000,0.216188) (0.250000,0.777859) (0.250000,2.981851) 
   P-inv (ML): 0.052149
   Base frequencies (ML): 0.451558 0.195840 0.166694 0.185909 
   Substitution rates (ML): 1.232767 7.536548 0.827687 0.620865 7.506616 1.000000 


Final LogLikelihood: -1596409.781794

AIC score: 3269409.563588 / AICc score: 2936360049.563588 / BIC score: 3500703.794342
Free parameters (model + branch lengths): 38295

WARNING: Number of free parameters (K=38295) is larger than alignment size (n=3102).
         This might lead to overfitting and compromise tree inference results!


Best ML tree saved to: /pasteur/homes/azhukova/projects/hiv_atlas/data/aln/C/aln.nodrm.fa.raxml.bestTree
Optimized model saved to: /pasteur/homes/azhukova/projects/hiv_atlas/data/aln/C/aln.nodrm.fa.raxml.bestModel

Execution log saved to: /pasteur/homes/azhukova/projects/hiv_atlas/data/aln/C/aln.nodrm.fa.raxml.log

Analysis started: 19-Feb-2020 17:13:42 / finished: 10-Jul-2020 12:14:04

Elapsed time: 12250821.410 seconds (this run) / 12253361.499 seconds (total with restarts)

